#
# A fatal error has been detected by the Java Runtime Environment:
#
#  Internal Error (classFileParser.cpp:3494), pid=5896, tid=6936
#  Error: ShouldNotReachHere()
#
# JRE version: 6.0_29-b11
# Java VM: Java HotSpot(TM) Client VM (20.4-b02 mixed mode windows-x86 )
# If you would like to submit a bug report, please visit:
#   http://java.sun.com/webapps/bugreport/crash.jsp
#

---------------  T H R E A D  ---------------

Current thread (0x00379000):  JavaThread "Unknown thread" [_thread_in_vm, id=6936, stack(0x01c50000,0x01ca0000)]

Stack: [0x01c50000,0x01ca0000],  sp=0x01c9f86c,  free space=318k
Native frames: (J=compiled Java code, j=interpreted, Vv=VM code, C=native code)
V  [jvm.dll+0x1335ba]
V  [jvm.dll+0x12e56b]
V  [jvm.dll+0x1639e]
V  [jvm.dll+0x17bdf]
V  [jvm.dll+0x26cc5]
V  [jvm.dll+0x27506]
V  [jvm.dll+0x278b5]
V  [jvm.dll+0x27949]
V  [jvm.dll+0x27a0c]
V  [jvm.dll+0x27a8a]
V  [jvm.dll+0x27b6d]
V  [jvm.dll+0x27e39]
V  [jvm.dll+0x6c383]
V  [jvm.dll+0x6c75c]
V  [jvm.dll+0xf9b4c]
V  [jvm.dll+0x11848b]
V  [jvm.dll+0x9eb60]
C  [javaw.exe+0x1657]
C  [javaw.exe+0x1e2c]
C  [javaw.exe+0x8614]
C  [kernel32.dll+0x1339a]  BaseThreadInitThunk+0x12
C  [ntdll.dll+0x39ef2]  RtlInitializeExceptionChain+0x63
C  [ntdll.dll+0x39ec5]  RtlInitializeExceptionChain+0x36


---------------  P R O C E S S  ---------------

Java Threads: ( => current thread )

Other Threads:

=>0x00379000 (exited) JavaThread "Unknown thread" [_thread_in_vm, id=6936, stack(0x01c50000,0x01ca0000)]

VM state:not at safepoint (not fully initialized)

VM Mutex/Monitor currently owned by a thread: None

Dynamic libraries:
0x00400000 - 0x00424000 	C:\Program Files (x86)\Java\jre6\bin\javaw.exe
0x77a50000 - 0x77bd0000 	C:\Windows\SysWOW64\ntdll.dll
0x76390000 - 0x764a0000 	C:\Windows\syswow64\kernel32.dll
0x76e50000 - 0x76e96000 	C:\Windows\syswow64\KERNELBASE.dll
0x76b10000 - 0x76bb0000 	C:\Windows\syswow64\ADVAPI32.dll
0x76ea0000 - 0x76f4c000 	C:\Windows\syswow64\msvcrt.dll
0x76a30000 - 0x76a49000 	C:\Windows\SysWOW64\sechost.dll
0x76fb0000 - 0x770a0000 	C:\Windows\syswow64\RPCRT4.dll
0x75130000 - 0x75190000 	C:\Windows\syswow64\SspiCli.dll
0x75120000 - 0x7512c000 	C:\Windows\syswow64\CRYPTBASE.dll
0x76d30000 - 0x76e30000 	C:\Windows\syswow64\USER32.dll
0x760b0000 - 0x76140000 	C:\Windows\syswow64\GDI32.dll
0x76070000 - 0x7607a000 	C:\Windows\syswow64\LPK.dll
0x75190000 - 0x7522d000 	C:\Windows\syswow64\USP10.dll
0x76f50000 - 0x76fb0000 	C:\Windows\system32\IMM32.DLL
0x76c60000 - 0x76d2c000 	C:\Windows\syswow64\MSCTF.dll
0x7c340000 - 0x7c396000 	C:\Program Files (x86)\Java\jre6\bin\msvcr71.dll
0x6d7f0000 - 0x6da9f000 	C:\Program Files (x86)\Java\jre6\bin\client\jvm.dll
0x73760000 - 0x73792000 	C:\Windows\system32\WINMM.dll
0x700a0000 - 0x700ec000 	C:\Windows\system32\apphelp.dll
0x6d7a0000 - 0x6d7ac000 	C:\Program Files (x86)\Java\jre6\bin\verify.dll
0x6d320000 - 0x6d33f000 	C:\Program Files (x86)\Java\jre6\bin\java.dll
0x6d7e0000 - 0x6d7ef000 	C:\Program Files (x86)\Java\jre6\bin\zip.dll
0x76260000 - 0x76265000 	C:\Windows\system32\PSAPI.DLL

VM Arguments:
jvm_args: -Djava.library.path=C:\eclipse\work37\org.eclipse.swt -Dfile.encoding=Cp1252 -Xbootclasspath:C:\eclipse\android\platforms\android-14\android.jar 
java_command: no.pdigre.droidchess.Chess
Launcher Type: SUN_STANDARD

Environment Variables:
CLASSPATH=.;C:\Program Files (x86)\Java\jre6\lib\ext\QTJava.zip
PATH=C:/Program Files (x86)/Java/jre7/bin/client;C:/Program Files (x86)/Java/jre7/bin;C:/Program Files (x86)/Java/jre7/lib/i386;C:\Windows\system32;C:\Windows;C:\Windows\System32\Wbem;C:\Windows\System32\WindowsPowerShell\v1.0\;C:\Program Files (x86)\ATI Technologies\ATI.ACE\Core-Static;C:\Program Files (x86)\Git\cmd;C:\Program Files (x86)\Git\bin;C:\Program Files (x86)\QuickTime\QTSystem\;C:\eclipse\eclipse37\eclipse;
USERNAME=Per Digre
OS=Windows_NT
PROCESSOR_IDENTIFIER=Intel64 Family 6 Model 37 Stepping 5, GenuineIntel



---------------  S Y S T E M  ---------------

OS: Windows 7 , 64 bit Build 7601 Service Pack 1

CPU:total 4 (2 cores per cpu, 2 threads per core) family 6 model 37 stepping 5, cmov, cx8, fxsr, mmx, sse, sse2, sse3, ssse3, sse4.1, sse4.2, popcnt, ht

Memory: 4k page, physical 4053720k(1301748k free), swap 8105592k(5014300k free)

vm_info: Java HotSpot(TM) Client VM (20.4-b02) for windows-x86 JRE (1.6.0_29-b11), built on Oct  3 2011 01:01:08 by "java_re" with MS VC++ 7.1 (VS2003)

time: Sun Jan 22 00:04:53 2012
elapsed time: 0 seconds

